[2022-04-22 18:29:02.002] [net.mamoe.mirai.internal.utils.Slf4jLoggerAdapter] [DefaultDispatcher-worker-1] [92] [ERROR] Failed to load account secrets from local cache. Invalidating cache...
net.mamoe.mirai.internal.utils.crypto.DecryptionFailedException: null
	at net.mamoe.mirai.internal.utils.crypto.TEA.fail(TEA.kt:298)
	at net.mamoe.mirai.internal.utils.crypto.TEA.doOption$decrypt(TEA.kt:274)
	at net.mamoe.mirai.internal.utils.crypto.TEA.doOption(TEA.kt:294)
	at net.mamoe.mirai.internal.utils.crypto.TEA.decrypt(TEA.kt:318)
	at net.mamoe.mirai.internal.utils.crypto.TEA.decrypt$default(TEA.kt:317)
	at net.mamoe.mirai.internal.network.components.FileCacheAccountSecretsManager.getSecretsImpl(AccountSecretsManager.kt:198)
	at net.mamoe.mirai.internal.network.components.FileCacheAccountSecretsManager.getSecrets(AccountSecretsManager.kt:192)
	at net.mamoe.mirai.internal.network.components.CombinedAccountSecretsManager.getSecrets(AccountSecretsManager.kt:240)
	at net.mamoe.mirai.internal.network.components.AccountSecretsManagerKt.getSecretsOrCreate(AccountSecretsManager.kt:152)
	at net.mamoe.mirai.internal.network.components.BotClientHolderImpl.createClient(BotClientHolder.kt:36)
	at net.mamoe.mirai.internal.network.components.BotClientHolderImpl.access$createClient(BotClientHolder.kt:24)
	at net.mamoe.mirai.internal.network.components.BotClientHolderImpl$client$2.invoke(BotClientHolder.kt:28)
	at net.mamoe.mirai.internal.network.components.BotClientHolderImpl$client$2.invoke(BotClientHolder.kt:28)
	at net.mamoe.mirai.utils.LateinitMutableProperty.getValue(LateinitMutableProperty.kt:38)
	at net.mamoe.mirai.internal.network.components.BotClientHolderImpl.getClient(BotClientHolder.kt:28)
	at net.mamoe.mirai.internal.network.components.SsoProcessorImpl.getClient(SsoProcessor.kt:97)
	at net.mamoe.mirai.internal.network.components.SsoProcessorImpl.login(SsoProcessor.kt:111)
	at net.mamoe.mirai.internal.network.impl.netty.NettyNetworkHandler$StateConnecting$1.invokeSuspend(NettyNetworkHandler.kt:257)
	at kotlin.coroutines.jvm.internal.BaseContinuationImpl.resumeWith(ContinuationImpl.kt:33)
	at kotlinx.coroutines.DispatchedTask.run(DispatchedTask.kt:106)
	at kotlinx.coroutines.scheduling.CoroutineScheduler.runSafely(CoroutineScheduler.kt:571)
	at kotlinx.coroutines.scheduling.CoroutineScheduler$Worker.executeTask(CoroutineScheduler.kt:750)
	at kotlinx.coroutines.scheduling.CoroutineScheduler$Worker.runWorker(CoroutineScheduler.kt:678)
	at kotlinx.coroutines.scheduling.CoroutineScheduler$Worker.run(CoroutineScheduler.kt:665)
[2022-04-22 18:50:04.004] [love.forte.simbot.core.listener.CoreListenerManager] [simbot-core-event-dispatcher-M-4] [548] [ERROR] Listener execution exception: kotlinx.coroutines.TimeoutCancellationException: Timed out waiting for 5000 ms
kotlinx.coroutines.TimeoutCancellationException: Timed out waiting for 5000 ms
	at kotlinx.coroutines.TimeoutKt.TimeoutCancellationException(Timeout.kt:186)
	at kotlinx.coroutines.TimeoutCoroutine.run(Timeout.kt:156)
	at kotlinx.coroutines.EventLoopImplBase$DelayedRunnableTask.run(EventLoop.common.kt:497)
	at kotlinx.coroutines.EventLoopImplBase.processNextEvent(EventLoop.common.kt:274)
	at kotlinx.coroutines.DefaultExecutor.run(DefaultExecutor.kt:69)
	at java.lang.Thread.run(Thread.java:748)
[2022-04-22 18:56:08.008] [love.forte.simbot.core.listener.CoreListenerManager] [simbot-core-event-dispatcher-M-5] [548] [ERROR] Listener execution exception: java.lang.IllegalStateException: No match found
java.lang.IllegalStateException: No match found
	at java.util.regex.Matcher.group(Matcher.java:536)
	at pro.shuangxi.utils.RegexUtils.getList(RegexUtils.java:25)
	at pro.shuangxi.controller.GroupListen.onGroupMsg(GroupListen.java:45)
	at sun.reflect.NativeMethodAccessorImpl.invoke0(Native Method)
	at sun.reflect.NativeMethodAccessorImpl.invoke(NativeMethodAccessorImpl.java:62)
	at sun.reflect.DelegatingMethodAccessorImpl.invoke(DelegatingMethodAccessorImpl.java:43)
	at java.lang.reflect.Method.invoke(Method.java:498)
	at kotlin.reflect.jvm.internal.calls.CallerImpl$Method.callMethod(CallerImpl.kt:97)
	at kotlin.reflect.jvm.internal.calls.CallerImpl$Method$Instance.call(CallerImpl.kt:113)
	at kotlin.reflect.jvm.internal.KCallableImpl.call(KCallableImpl.kt:108)
	at love.forte.simbot.core.listener.FunctionFromClassListenerFunction$functionCaller$2.invokeSuspend(FunctionFromClassListenerFunction.kt:72)
	at love.forte.simbot.core.listener.FunctionFromClassListenerFunction$functionCaller$2.invoke(FunctionFromClassListenerFunction.kt)
	at love.forte.simbot.core.listener.FunctionFromClassListenerFunction$functionCaller$2.invoke(FunctionFromClassListenerFunction.kt)
	at love.forte.simbot.core.listener.FunctionFromClassListenerFunction$invoker$1.invokeSuspend(FunctionFromClassListenerFunction.kt:616)
	at love.forte.simbot.core.listener.FunctionFromClassListenerFunction$invoker$1.invoke(FunctionFromClassListenerFunction.kt)
	at love.forte.simbot.core.listener.FunctionFromClassListenerFunction$invoker$1.invoke(FunctionFromClassListenerFunction.kt)
	at love.forte.simbot.core.listener.FunctionFromClassListenerFunction.invoke(FunctionFromClassListenerFunction.kt:638)
	at love.forte.simbot.core.listener.ListenerInvokerImpl.invoke(ListenerInvokerImpl.kt:36)
	at love.forte.simbot.core.listener.CoreListenerManager$doListenerFunctionInvoker$2.invokeSuspend(CoreListenerManager.kt:475)
	at love.forte.simbot.core.listener.CoreListenerManager$doListenerFunctionInvoker$2.invoke(CoreListenerManager.kt)
	at love.forte.simbot.core.listener.CoreListenerManager$doListenerFunctionInvoker$2.invoke(CoreListenerManager.kt)
	at love.forte.simbot.core.listener.CoreListenerManager.onMsg0$doListen(CoreListenerManager.kt:521)
	at love.forte.simbot.core.listener.CoreListenerManager.onMsg0(CoreListenerManager.kt:585)
	at love.forte.simbot.core.listener.CoreListenerManager.onMsg1(CoreListenerManager.kt:443)
	at love.forte.simbot.core.listener.CoreListenerManager.access$onMsg1(CoreListenerManager.kt:115)
	at love.forte.simbot.core.listener.CoreListenerManager$onMsg$2.invokeSuspend(CoreListenerManager.kt:412)
	at kotlin.coroutines.jvm.internal.BaseContinuationImpl.resumeWith(ContinuationImpl.kt:33)
	at kotlinx.coroutines.DispatchedTask.run(DispatchedTask.kt:106)
	at java.util.concurrent.ThreadPoolExecutor.runWorker(ThreadPoolExecutor.java:1149)
	at java.util.concurrent.ThreadPoolExecutor$Worker.run(ThreadPoolExecutor.java:624)
	at java.lang.Thread.run(Thread.java:748)
