[2022-04-05 16:15:23.023] [net.mamoe.mirai.internal.utils.Slf4jLoggerAdapter] [DefaultDispatcher-worker-1] [92] [ERROR] Failed to load account secrets from local cache. Invalidating cache...
net.mamoe.mirai.internal.utils.crypto.DecryptionFailedException: null
	at net.mamoe.mirai.internal.utils.crypto.TEA.fail(TEA.kt:298)
	at net.mamoe.mirai.internal.utils.crypto.TEA.doOption$decrypt(TEA.kt:274)
	at net.mamoe.mirai.internal.utils.crypto.TEA.doOption(TEA.kt:294)
	at net.mamoe.mirai.internal.utils.crypto.TEA.decrypt(TEA.kt:318)
	at net.mamoe.mirai.internal.utils.crypto.TEA.decrypt$default(TEA.kt:317)
	at net.mamoe.mirai.internal.network.components.FileCacheAccountSecretsManager.getSecretsImpl(AccountSecretsManager.kt:198)
	at net.mamoe.mirai.internal.network.components.FileCacheAccountSecretsManager.getSecrets(AccountSecretsManager.kt:192)
	at net.mamoe.mirai.internal.network.components.CombinedAccountSecretsManager.getSecrets(AccountSecretsManager.kt:240)
	at net.mamoe.mirai.internal.network.components.AccountSecretsManagerKt.getSecretsOrCreate(AccountSecretsManager.kt:152)
	at net.mamoe.mirai.internal.network.components.BotClientHolderImpl.createClient(BotClientHolder.kt:36)
	at net.mamoe.mirai.internal.network.components.BotClientHolderImpl.access$createClient(BotClientHolder.kt:24)
	at net.mamoe.mirai.internal.network.components.BotClientHolderImpl$client$2.invoke(BotClientHolder.kt:28)
	at net.mamoe.mirai.internal.network.components.BotClientHolderImpl$client$2.invoke(BotClientHolder.kt:28)
	at net.mamoe.mirai.utils.LateinitMutableProperty.getValue(LateinitMutableProperty.kt:38)
	at net.mamoe.mirai.internal.network.components.BotClientHolderImpl.getClient(BotClientHolder.kt:28)
	at net.mamoe.mirai.internal.network.components.SsoProcessorImpl.getClient(SsoProcessor.kt:97)
	at net.mamoe.mirai.internal.network.components.SsoProcessorImpl.login(SsoProcessor.kt:111)
	at net.mamoe.mirai.internal.network.impl.netty.NettyNetworkHandler$StateConnecting$1.invokeSuspend(NettyNetworkHandler.kt:257)
	at kotlin.coroutines.jvm.internal.BaseContinuationImpl.resumeWith(ContinuationImpl.kt:33)
	at kotlinx.coroutines.DispatchedTask.run(DispatchedTask.kt:106)
	at kotlinx.coroutines.scheduling.CoroutineScheduler.runSafely(CoroutineScheduler.kt:571)
	at kotlinx.coroutines.scheduling.CoroutineScheduler$Worker.executeTask(CoroutineScheduler.kt:750)
	at kotlinx.coroutines.scheduling.CoroutineScheduler$Worker.runWorker(CoroutineScheduler.kt:678)
	at kotlinx.coroutines.scheduling.CoroutineScheduler$Worker.run(CoroutineScheduler.kt:665)
