[2022-07-19 18:19:48.048] [org.springframework.boot.StartupInfoLogger] [main] [55] [INFO ] Starting Application using Java 1.8.0_281 on DESKTOP-0AKVRSK with PID 22004 (C:\Users\Administrator\IntelliJIDEAProjects\ProcessFrameWork_mirai\robot\target\classes started by Administrator in C:\Users\Administrator\IntelliJIDEAProjects\ProcessFrameWork_mirai)
[2022-07-19 18:19:48.048] [org.springframework.boot.SpringApplication] [main] [663] [INFO ] No active profile set, falling back to default profiles: default
[2022-07-19 18:20:09.009] [org.springframework.boot.StartupInfoLogger] [main] [61] [INFO ] Started Application in 24.765 seconds (JVM running for 30.481)
[2022-07-19 18:20:09.009] [org.springframework.boot.availability.ApplicationAvailabilityBean] [main] [75] [INFO ] Application availability state LivenessState changed to CORRECT
[2022-07-19 18:20:09.009] [org.springframework.boot.availability.ApplicationAvailabilityBean] [main] [75] [INFO ] Application availability state ReadinessState changed to ACCEPTING_TRAFFIC
[2022-07-19 18:25:54.054] [org.springframework.boot.StartupInfoLogger] [main] [55] [INFO ] Starting Application using Java 1.8.0_281 on DESKTOP-0AKVRSK with PID 18604 (C:\Users\Administrator\IntelliJIDEAProjects\ProcessFrameWork_mirai\robot\target\classes started by Administrator in C:\Users\Administrator\IntelliJIDEAProjects\ProcessFrameWork_mirai)
[2022-07-19 18:25:54.054] [org.springframework.boot.SpringApplication] [main] [663] [INFO ] No active profile set, falling back to default profiles: default
[2022-07-19 18:26:10.010] [org.springframework.boot.StartupInfoLogger] [main] [61] [INFO ] Started Application in 20.017 seconds (JVM running for 25.757)
[2022-07-19 18:26:10.010] [org.springframework.boot.availability.ApplicationAvailabilityBean] [main] [75] [INFO ] Application availability state LivenessState changed to CORRECT
[2022-07-19 18:26:11.011] [org.springframework.boot.availability.ApplicationAvailabilityBean] [main] [75] [INFO ] Application availability state ReadinessState changed to ACCEPTING_TRAFFIC
[2022-07-19 18:29:55.055] [org.springframework.boot.StartupInfoLogger] [main] [55] [INFO ] Starting Application using Java 1.8.0_281 on DESKTOP-0AKVRSK with PID 23544 (C:\Users\Administrator\IntelliJIDEAProjects\ProcessFrameWork_mirai\robot\target\classes started by Administrator in C:\Users\Administrator\IntelliJIDEAProjects\ProcessFrameWork_mirai)
[2022-07-19 18:29:55.055] [org.springframework.boot.SpringApplication] [main] [663] [INFO ] No active profile set, falling back to default profiles: default
[2022-07-19 18:30:21.021] [org.springframework.boot.StartupInfoLogger] [main] [61] [INFO ] Started Application in 30.85 seconds (JVM running for 39.466)
[2022-07-19 18:30:21.021] [org.springframework.boot.availability.ApplicationAvailabilityBean] [main] [75] [INFO ] Application availability state LivenessState changed to CORRECT
[2022-07-19 18:30:21.021] [org.springframework.boot.availability.ApplicationAvailabilityBean] [main] [75] [INFO ] Application availability state ReadinessState changed to ACCEPTING_TRAFFIC
[2022-07-19 18:56:54.054] [org.springframework.boot.StartupInfoLogger] [main] [55] [INFO ] Starting Application using Java 1.8.0_281 on DESKTOP-0AKVRSK with PID 3084 (C:\Users\Administrator\IntelliJIDEAProjects\ProcessFrameWork_mirai\robot\target\classes started by Administrator in C:\Users\Administrator\IntelliJIDEAProjects\ProcessFrameWork_mirai)
[2022-07-19 18:56:54.054] [org.springframework.boot.SpringApplication] [main] [663] [INFO ] No active profile set, falling back to default profiles: default
[2022-07-19 18:56:57.057] [org.springframework.context.support.AbstractApplicationContext] [main] [591] [WARN ] Exception encountered during context initialization - cancelling refresh attempt: org.springframework.beans.factory.UnsatisfiedDependencyException: Error creating bean with name 'botAutoConfig': Unsatisfied dependency expressed through field 'account'; nested exception is org.springframework.beans.TypeMismatchException: Failed to convert value of type 'java.lang.String' to required type 'java.lang.Long'; nested exception is java.lang.NumberFormatException: For input string: "bot.account"
[2022-07-19 18:56:57.057] [org.springframework.boot.autoconfigure.logging.ConditionEvaluationReportLoggingListener] [main] [136] [INFO ] 

Error starting ApplicationContext. To display the conditions report re-run your application with 'debug' enabled.
[2022-07-19 18:57:59.059] [org.springframework.boot.StartupInfoLogger] [main] [55] [INFO ] Starting Application using Java 1.8.0_281 on DESKTOP-0AKVRSK with PID 20928 (C:\Users\Administrator\IntelliJIDEAProjects\ProcessFrameWork_mirai\robot\target\classes started by Administrator in C:\Users\Administrator\IntelliJIDEAProjects\ProcessFrameWork_mirai)
[2022-07-19 18:57:59.059] [org.springframework.boot.SpringApplication] [main] [663] [INFO ] No active profile set, falling back to default profiles: default
[2022-07-19 18:58:19.019] [org.springframework.boot.StartupInfoLogger] [main] [61] [INFO ] Started Application in 24.014 seconds (JVM running for 30.801)
[2022-07-19 18:58:19.019] [org.springframework.boot.availability.ApplicationAvailabilityBean] [main] [75] [INFO ] Application availability state LivenessState changed to CORRECT
[2022-07-19 18:58:19.019] [org.springframework.boot.availability.ApplicationAvailabilityBean] [main] [75] [INFO ] Application availability state ReadinessState changed to ACCEPTING_TRAFFIC
